Logdatei gestartet. LogLevel: 100

[debug] Logdatei auf neues Entchen umgehängt.
3D-Entchen erfolgreich erstellt.
    Version: IrrLicht 1.8.1
    Treiber: OpenGL 3.0
Script-VM gestartet.
    Version: Lua 5.2
Sound-Entchen erfolgreich erstellt.
    Version: IrrKlang 1.4.0
    Treiber: ALSA, Multi-Fred
[debug] Anzahl eingelesener Maus-Einzelbilder: 9
10 Kartenteile in 128ms erstellt.
[debug] TerrainMinY: 0.000000
[debug] TerrainMaxY: 0.000000
[debug] Welt erstellt.
[debug] 11 statische Objekte in 147ms erstellt.
[debug] 3 NPCs in 24ms erstellt.

'Die Chroniken eines namenlosen Spiels' wurde normal beendet.
Sound-Entchen normal beendet.
Script-VM normal beendet.
